{"userid":"nidhi","password":"as","level":"debug","message":"register body","timestamp":"2019-08-01T17:16:01.437Z"}
{"userid":"mm","password":"qw","level":"debug","message":"register body","timestamp":"2019-08-01T17:17:37.310Z"}
{"userid":"mm","password":"qwe","level":"debug","message":"register body","timestamp":"2019-08-01T17:18:34.120Z"}
{"userid":"ss","password":"fghg","level":"debug","message":"register body","timestamp":"2019-08-01T17:19:40.413Z"}
{"userid":"mm","password":"bnm","level":"debug","message":"register body","timestamp":"2019-08-01T17:22:08.393Z"}
{"userid":"nidhi","password":"sfg","level":"debug","message":"register body","timestamp":"2019-08-01T17:27:59.017Z"}
{"driver":true,"name":"MongoError","index":0,"code":11000,"errmsg":"E11000 duplicate key error collection: loggers.users index: userid_1 dup key: { : \"nidhi\" }","level":"debug","message":"Error in Record AddE11000 duplicate key error collection: loggers.users index: userid_1 dup key: { : \"nidhi\" }","stack":"MongoError: E11000 duplicate key error collection: loggers.users index: userid_1 dup key: { : \"nidhi\" }\n    at Function.create (/home/saurabh/node_modules/mongodb-core/lib/error.js:43:12)\n    at toError (/home/saurabh/node_modules/mongodb/lib/utils.js:149:22)\n    at coll.s.topology.insert (/home/saurabh/node_modules/mongodb/lib/operations/collection_ops.js:859:39)\n    at handler (/home/saurabh/node_modules/mongodb-core/lib/topologies/replset.js:1155:22)\n    at /home/saurabh/node_modules/mongodb-core/lib/connection/pool.js:397:18\n    at process._tickCallback (internal/process/next_tick.js:61:11)","timestamp":"2019-08-01T17:28:01.792Z"}
{"userid":"nidhi","password":"asd","level":"debug","message":"register body","timestamp":"2019-08-01T17:28:25.029Z"}
{"driver":true,"name":"MongoError","index":0,"code":11000,"errmsg":"E11000 duplicate key error collection: loggers.users index: userid_1 dup key: { : \"nidhi\" }","level":"debug","message":"Error in Record AddE11000 duplicate key error collection: loggers.users index: userid_1 dup key: { : \"nidhi\" }","stack":"MongoError: E11000 duplicate key error collection: loggers.users index: userid_1 dup key: { : \"nidhi\" }\n    at Function.create (/home/saurabh/node_modules/mongodb-core/lib/error.js:43:12)\n    at toError (/home/saurabh/node_modules/mongodb/lib/utils.js:149:22)\n    at coll.s.topology.insert (/home/saurabh/node_modules/mongodb/lib/operations/collection_ops.js:859:39)\n    at handler (/home/saurabh/node_modules/mongodb-core/lib/topologies/replset.js:1155:22)\n    at /home/saurabh/node_modules/mongodb-core/lib/connection/pool.js:397:18\n    at process._tickCallback (internal/process/next_tick.js:61:11)","timestamp":"2019-08-01T17:28:25.869Z"}
{"userid":"nidhi","password":"sdfg","level":"debug","message":"register body","timestamp":"2019-08-01T17:30:36.445Z"}
{"driver":true,"name":"MongoError","index":0,"code":11000,"errmsg":"E11000 duplicate key error collection: loggers.users index: userid_1 dup key: { : \"nidhi\" }","level":"error","message":"Error in Record AddE11000 duplicate key error collection: loggers.users index: userid_1 dup key: { : \"nidhi\" }","stack":"MongoError: E11000 duplicate key error collection: loggers.users index: userid_1 dup key: { : \"nidhi\" }\n    at Function.create (/home/saurabh/node_modules/mongodb-core/lib/error.js:43:12)\n    at toError (/home/saurabh/node_modules/mongodb/lib/utils.js:149:22)\n    at coll.s.topology.insert (/home/saurabh/node_modules/mongodb/lib/operations/collection_ops.js:859:39)\n    at handler (/home/saurabh/node_modules/mongodb-core/lib/topologies/replset.js:1155:22)\n    at /home/saurabh/node_modules/mongodb-core/lib/connection/pool.js:397:18\n    at process._tickCallback (internal/process/next_tick.js:61:11)","timestamp":"2019-08-01T17:30:38.992Z"}
{"userid":"nidhi","password":"sdfg","level":"debug","message":"register body","timestamp":"2019-08-01T17:32:36.451Z"}
{"driver":true,"name":"MongoError","index":0,"code":11000,"errmsg":"E11000 duplicate key error collection: loggers.users index: userid_1 dup key: { : \"nidhi\" }","level":"error","message":"Error in Record AddE11000 duplicate key error collection: loggers.users index: userid_1 dup key: { : \"nidhi\" }","stack":"MongoError: E11000 duplicate key error collection: loggers.users index: userid_1 dup key: { : \"nidhi\" }\n    at Function.create (/home/saurabh/node_modules/mongodb-core/lib/error.js:43:12)\n    at toError (/home/saurabh/node_modules/mongodb/lib/utils.js:149:22)\n    at coll.s.topology.insert (/home/saurabh/node_modules/mongodb/lib/operations/collection_ops.js:859:39)\n    at handler (/home/saurabh/node_modules/mongodb-core/lib/topologies/replset.js:1155:22)\n    at /home/saurabh/node_modules/mongodb-core/lib/connection/pool.js:397:18\n    at process._tickCallback (internal/process/next_tick.js:61:11)","timestamp":"2019-08-01T17:32:36.669Z"}
{"userid":"saurabh","password":"aman","level":"debug","message":"register body","timestamp":"2019-08-01T17:41:52.630Z"}
{"$__":{"strictMode":true,"inserting":true,"getters":{},"_id":"5d43246078faf2369cbcf732","wasPopulated":false,"activePaths":{"paths":{"password":"require","userid":"require"},"states":{"ignore":{},"default":{},"init":{},"modify":{},"require":{"password":true,"userid":true}},"stateNames":["require","modify","init","default","ignore"]},"pathsToScopes":{},"cachedRequired":{},"session":null,"$setCalled":{},"emitter":{"_events":{},"_eventsCount":0,"_maxListeners":0},"$options":{},"$versionError":{"message":"No matching document found for id \"5d43246078faf2369cbcf732\" version 0 modifiedPaths \"userid, password\"","name":"VersionError","version":0,"modifiedPaths":["userid","password"]}},"isNew":false,"_doc":{"_id":"5d43246078faf2369cbcf732","userid":"saurabh","password":"aman","__v":0},"$locals":{},"level":"debug","message":"document is","timestamp":"2019-08-01T17:41:53.229Z"}
{"userid":"aman","password":"1234","level":"debug","message":"register body","timestamp":"2019-08-01T17:42:41.403Z"}
{"$__":{"strictMode":true,"inserting":true,"getters":{},"_id":"5d432491540a1a380f4536ce","wasPopulated":false,"activePaths":{"paths":{"password":"require","userid":"require"},"states":{"ignore":{},"default":{},"init":{},"modify":{},"require":{"password":true,"userid":true}},"stateNames":["require","modify","init","default","ignore"]},"pathsToScopes":{},"cachedRequired":{},"session":null,"$setCalled":{},"emitter":{"_events":{},"_eventsCount":0,"_maxListeners":0},"$options":{},"$versionError":{"message":"No matching document found for id \"5d432491540a1a380f4536ce\" version 0 modifiedPaths \"userid, password\"","name":"VersionError","version":0,"modifiedPaths":["userid","password"]}},"isNew":false,"_doc":{"_id":"5d432491540a1a380f4536ce","userid":"aman","password":1234,"__v":0},"$locals":{},"level":"debug","message":"document is","timestamp":"2019-08-01T17:42:44.878Z"}
{"userid":"nidhi","password":"0981","level":"debug","message":"register body","timestamp":"2019-08-01T17:44:06.798Z"}
{"$__":{"strictMode":true,"inserting":true,"getters":{},"_id":"5d4324e6540a1a380f4536cf","wasPopulated":false,"activePaths":{"paths":{"password":"require","userid":"require"},"states":{"ignore":{},"default":{},"init":{},"modify":{},"require":{"password":true,"userid":true}},"stateNames":["require","modify","init","default","ignore"]},"pathsToScopes":{},"cachedRequired":{},"session":null,"$setCalled":{},"emitter":{"_events":{},"_eventsCount":0,"_maxListeners":0},"$options":{},"$versionError":{"message":"No matching document found for id \"5d4324e6540a1a380f4536cf\" version 0 modifiedPaths \"userid, password\"","name":"VersionError","version":0,"modifiedPaths":["userid","password"]}},"isNew":false,"_doc":{"_id":"5d4324e6540a1a380f4536cf","userid":"nidhi","password":981,"__v":0},"$locals":{},"level":"debug","message":"document is","timestamp":"2019-08-01T17:44:07.267Z"}
{"userid":"saurabh","password":"1234","level":"debug","message":"register body","timestamp":"2019-08-01T17:45:22.801Z"}
{"$__":{"strictMode":true,"inserting":true,"getters":{},"_id":"5d432532540a1a380f4536d0","wasPopulated":false,"activePaths":{"paths":{"password":"require","userid":"require"},"states":{"ignore":{},"default":{},"init":{},"modify":{},"require":{"password":true,"userid":true}},"stateNames":["require","modify","init","default","ignore"]},"pathsToScopes":{},"cachedRequired":{},"session":null,"$setCalled":{},"emitter":{"_events":{},"_eventsCount":0,"_maxListeners":0},"$options":{},"$versionError":{"message":"No matching document found for id \"5d432532540a1a380f4536d0\" version 0 modifiedPaths \"userid, password\"","name":"VersionError","version":0,"modifiedPaths":["userid","password"]}},"isNew":false,"_doc":{"_id":"5d432532540a1a380f4536d0","userid":"saurabh","password":1234,"__v":0},"$locals":{},"level":"debug","message":"document is","timestamp":"2019-08-01T17:45:22.929Z"}
{"userid":"saurabh","password":"1234","level":"debug","message":"login body","timestamp":"2019-08-01T18:00:17.570Z"}
{"level":"debug","message":"userid","timestamp":"2019-08-01T18:00:20.409Z"}
{"userid":"saurabh","password":"1234","level":"debug","message":"login body","timestamp":"2019-08-01T18:01:59.710Z"}
{"level":"debug","message":"userid","timestamp":"2019-08-01T18:02:02.560Z"}
{"userid":"saurabh","password":"1234","level":"debug","message":"login body","timestamp":"2019-08-01T18:03:13.294Z"}
{"level":"debug","message":"userid","timestamp":"2019-08-01T18:03:13.434Z"}
{"userid":"saurabh","password":"1234","level":"debug","message":"login body","timestamp":"2019-08-01T18:04:34.365Z"}
{"level":"debug","message":"userid","timestamp":"2019-08-01T18:04:36.558Z"}
{"userid":"saurabh","password":"1234","level":"debug","message":"login body","timestamp":"2019-08-01T18:04:36.567Z"}
{"level":"debug","message":"userid","timestamp":"2019-08-01T18:04:36.673Z"}
{"userid":"","password":"","level":"debug","message":"login body","timestamp":"2019-08-01T18:05:13.516Z"}
{"level":"error","message":"Invalid Userid or Password ","timestamp":"2019-08-01T18:05:15.480Z"}
{"userid":"saurabh","password":"1234","level":"debug","message":"login body","timestamp":"2019-08-01T18:06:47.602Z"}
{"level":"debug","message":"userid","timestamp":"2019-08-01T18:06:47.953Z"}
{"userid":"saurabh","password":"1234","level":"debug","message":"login body","timestamp":"2019-08-01T18:07:45.239Z"}
{"level":"debug","message":"userid","timestamp":"2019-08-01T18:07:45.422Z"}
{"userid":"saurabh","password":"1234","level":"debug","message":"login body","timestamp":"2019-08-01T18:10:14.440Z"}
{"level":"debug","message":"userid","timestamp":"2019-08-01T18:10:14.649Z"}
{"userid":"saurabh","password":"1234","level":"debug","message":"login body","timestamp":"2019-08-01T18:11:10.192Z"}
{"level":"debug","message":"userid","timestamp":"2019-08-01T18:11:10.312Z"}
{"userid":"saurabh","password":"1234","level":"debug","message":"login body","timestamp":"2019-08-01T18:12:03.140Z"}
{"level":"debug","message":"userid","timestamp":"2019-08-01T18:12:03.728Z"}
{"userid":"saurabh","password":"1234","level":"debug","message":"login body","timestamp":"2019-08-01T18:13:12.265Z"}
{"level":"debug","message":"userid","timestamp":"2019-08-01T18:13:12.359Z"}
{"userid":"nidhi","password":"0987","level":"debug","message":"register body","timestamp":"2019-08-01T18:24:57.845Z"}
{"$__":{"strictMode":true,"inserting":true,"getters":{},"_id":"5d432e7aa57e0d3ebaeaaffa","wasPopulated":false,"activePaths":{"paths":{"password":"require","userid":"require"},"states":{"ignore":{},"default":{},"init":{},"modify":{},"require":{"password":true,"userid":true}},"stateNames":["require","modify","init","default","ignore"]},"pathsToScopes":{},"cachedRequired":{},"session":null,"$setCalled":{},"emitter":{"_events":{},"_eventsCount":0,"_maxListeners":0},"$options":{},"$versionError":{"message":"No matching document found for id \"5d432e7aa57e0d3ebaeaaffa\" version 0 modifiedPaths \"userid, password\"","name":"VersionError","version":0,"modifiedPaths":["userid","password"]}},"isNew":false,"_doc":{"_id":"5d432e7aa57e0d3ebaeaaffa","userid":"nidhi","password":987,"__v":0},"$locals":{},"level":"debug","message":"document is","timestamp":"2019-08-01T18:24:59.753Z"}
{"userid":"nidhi","password":"0987","level":"debug","message":"login body","timestamp":"2019-08-01T18:25:17.191Z"}
{"level":"debug","message":"userid","timestamp":"2019-08-01T18:25:17.390Z"}
